<?xml version="1.0" encoding="UTF-8"?><testsuite errors="1" failures="0" name="Login" skipped="0" tests="1" time="13.96" timestamp="2022-05-26 10:02:16"><testcase name="Login Successful"><error message="No such field com.choucairtesting.demo.opencart.models.loginModels.password" type="cucumber.runtime.CucumberException">No such field com.choucairtesting.demo.opencart.models.loginModels.password</error><system-err>No such field com.choucairtesting.demo.opencart.models.loginModels.password&#13;
cucumber.runner.Runner.runPickle(Runner.java:80)&#13;
</system-err></testcase></testsuite>